<?xml version="1.0" encoding="UTF-8" ?>
<testsuite tests="1" failures="0" name="com.i2i.crawlertest.AppTest" time="0.041" errors="0" skipped="0">
  <properties>
    <property name="java.runtime.name" value="Java(TM) SE Runtime Environment"/>
    <property name="sun.boot.library.path" value="C:\Program Files\Java\jdk1.8.0_40\jre\bin"/>
    <property name="java.vm.version" value="25.40-b25"/>
    <property name="java.vm.vendor" value="Oracle Corporation"/>
    <property name="java.vendor.url" value="http://java.oracle.com/"/>
    <property name="path.separator" value=";"/>
    <property name="java.vm.name" value="Java HotSpot(TM) 64-Bit Server VM"/>
    <property name="file.encoding.pkg" value="sun.io"/>
    <property name="user.script" value=""/>
    <property name="user.country" value="TR"/>
    <property name="sun.java.launcher" value="SUN_STANDARD"/>
    <property name="sun.os.patch.level" value="Service Pack 1"/>
    <property name="java.vm.specification.name" value="Java Virtual Machine Specification"/>
    <property name="user.dir" value="C:\Users\7163\Documents\NetBeansProjects\CrawlerTest"/>
    <property name="java.runtime.version" value="1.8.0_40-b26"/>
    <property name="java.awt.graphicsenv" value="sun.awt.Win32GraphicsEnvironment"/>
    <property name="basedir" value="C:\Users\7163\Documents\NetBeansProjects\CrawlerTest"/>
    <property name="java.endorsed.dirs" value="C:\Program Files\Java\jdk1.8.0_40\jre\lib\endorsed"/>
    <property name="os.arch" value="amd64"/>
    <property name="surefire.real.class.path" value="C:\Users\7163\Documents\NetBeansProjects\CrawlerTest\target\surefire\surefirebooter8456718445008863595.jar"/>
    <property name="java.io.tmpdir" value="C:\Users\7163\AppData\Local\Temp\"/>
    <property name="line.separator" value="
"/>
    <property name="java.vm.specification.vendor" value="Oracle Corporation"/>
    <property name="user.variant" value=""/>
    <property name="os.name" value="Windows 7"/>
    <property name="sun.jnu.encoding" value="Cp1254"/>
    <property name="java.library.path" value="C:\Program Files\Java\jdk1.8.0_40\jre\bin;C:\Windows\Sun\Java\bin;C:\Windows\system32;C:\Windows;C:\Ruby193\bin;D:\oracle\app\oracle\product\11.2.0\server\bin;;C:\TimesTen\TT1122~1\bin;C:\TimesTen\TT1122~1\ttoracle_home\instantclient_11_2;C:\Windows\system32;C:\Windows;C:\Windows\System32\Wbem;C:\Windows\System32\WindowsPowerShell\v1.0\;C:\Program Files\TortoiseSVN\bin;D:\unzipped\Maven\bin;D:\unzipped\Ant\bin;D:\unzipped\grails\bin;C:\Program Files (x86)\Subversion\bin;C:\Program Files\Google\Cloud SDK\google-cloud-sdk\bin;C:\Program Files (x86)\nodejs\;C:\Python34\;C:\Program Files (x86)\Skype\Phone\;C:\Users\7163\AppData\Roaming\npm;C:\Program Files (x86)\CrSSL\bin;."/>
    <property name="surefire.test.class.path" value="C:\Users\7163\Documents\NetBeansProjects\CrawlerTest\target\test-classes;C:\Users\7163\Documents\NetBeansProjects\CrawlerTest\target\classes;C:\Users\7163\.m2\repository\junit\junit\3.8.1\junit-3.8.1.jar;C:\Users\7163\.m2\repository\edu\uci\ics\crawler4j\4.2\crawler4j-4.2.jar;C:\Users\7163\.m2\repository\org\slf4j\slf4j-api\1.7.10\slf4j-api-1.7.10.jar;C:\Users\7163\.m2\repository\uk\org\lidalia\lidalia-slf4j-ext\1.0.0\lidalia-slf4j-ext-1.0.0.jar;C:\Users\7163\.m2\repository\com\google\guava\guava\14.0.1\guava-14.0.1.jar;C:\Users\7163\.m2\repository\org\apache\httpcomponents\httpclient\4.4\httpclient-4.4.jar;C:\Users\7163\.m2\repository\org\apache\httpcomponents\httpcore\4.4\httpcore-4.4.jar;C:\Users\7163\.m2\repository\commons-logging\commons-logging\1.2\commons-logging-1.2.jar;C:\Users\7163\.m2\repository\commons-codec\commons-codec\1.9\commons-codec-1.9.jar;C:\Users\7163\.m2\repository\com\sleepycat\je\5.0.73\je-5.0.73.jar;C:\Users\7163\.m2\repository\org\apache\tika\tika-parsers\1.5\tika-parsers-1.5.jar;C:\Users\7163\.m2\repository\org\apache\tika\tika-core\1.5\tika-core-1.5.jar;C:\Users\7163\.m2\repository\org\gagravarr\vorbis-java-tika\0.1\vorbis-java-tika-0.1.jar;C:\Users\7163\.m2\repository\org\gagravarr\vorbis-java-core\0.1\vorbis-java-core-0.1-tests.jar;C:\Users\7163\.m2\repository\edu\ucar\netcdf\4.2-min\netcdf-4.2-min.jar;C:\Users\7163\.m2\repository\org\apache\james\apache-mime4j-core\0.7.2\apache-mime4j-core-0.7.2.jar;C:\Users\7163\.m2\repository\org\apache\james\apache-mime4j-dom\0.7.2\apache-mime4j-dom-0.7.2.jar;C:\Users\7163\.m2\repository\org\apache\commons\commons-compress\1.5\commons-compress-1.5.jar;C:\Users\7163\.m2\repository\org\tukaani\xz\1.2\xz-1.2.jar;C:\Users\7163\.m2\repository\org\apache\pdfbox\pdfbox\1.8.4\pdfbox-1.8.4.jar;C:\Users\7163\.m2\repository\org\apache\pdfbox\fontbox\1.8.4\fontbox-1.8.4.jar;C:\Users\7163\.m2\repository\org\apache\pdfbox\jempbox\1.8.4\jempbox-1.8.4.jar;C:\Users\7163\.m2\repository\org\bouncycastle\bcmail-jdk15\1.45\bcmail-jdk15-1.45.jar;C:\Users\7163\.m2\repository\org\bouncycastle\bcprov-jdk15\1.45\bcprov-jdk15-1.45.jar;C:\Users\7163\.m2\repository\org\apache\poi\poi\3.10-beta2\poi-3.10-beta2.jar;C:\Users\7163\.m2\repository\org\apache\poi\poi-scratchpad\3.10-beta2\poi-scratchpad-3.10-beta2.jar;C:\Users\7163\.m2\repository\org\apache\poi\poi-ooxml\3.10-beta2\poi-ooxml-3.10-beta2.jar;C:\Users\7163\.m2\repository\org\apache\poi\poi-ooxml-schemas\3.10-beta2\poi-ooxml-schemas-3.10-beta2.jar;C:\Users\7163\.m2\repository\org\apache\xmlbeans\xmlbeans\2.3.0\xmlbeans-2.3.0.jar;C:\Users\7163\.m2\repository\dom4j\dom4j\1.6.1\dom4j-1.6.1.jar;C:\Users\7163\.m2\repository\org\apache\geronimo\specs\geronimo-stax-api_1.0_spec\1.0.1\geronimo-stax-api_1.0_spec-1.0.1.jar;C:\Users\7163\.m2\repository\org\ccil\cowan\tagsoup\tagsoup\1.2.1\tagsoup-1.2.1.jar;C:\Users\7163\.m2\repository\org\ow2\asm\asm-debug-all\4.1\asm-debug-all-4.1.jar;C:\Users\7163\.m2\repository\com\googlecode\mp4parser\isoparser\1.0-RC-1\isoparser-1.0-RC-1.jar;C:\Users\7163\.m2\repository\org\aspectj\aspectjrt\1.6.11\aspectjrt-1.6.11.jar;C:\Users\7163\.m2\repository\com\drewnoakes\metadata-extractor\2.6.2\metadata-extractor-2.6.2.jar;C:\Users\7163\.m2\repository\com\adobe\xmp\xmpcore\5.1.2\xmpcore-5.1.2.jar;C:\Users\7163\.m2\repository\xerces\xercesImpl\2.8.1\xercesImpl-2.8.1.jar;C:\Users\7163\.m2\repository\xml-apis\xml-apis\1.3.03\xml-apis-1.3.03.jar;C:\Users\7163\.m2\repository\de\l3s\boilerpipe\boilerpipe\1.1.0\boilerpipe-1.1.0.jar;C:\Users\7163\.m2\repository\rome\rome\0.9\rome-0.9.jar;C:\Users\7163\.m2\repository\jdom\jdom\1.0\jdom-1.0.jar;C:\Users\7163\.m2\repository\org\gagravarr\vorbis-java-core\0.1\vorbis-java-core-0.1.jar;C:\Users\7163\.m2\repository\com\googlecode\juniversalchardet\juniversalchardet\1.0.3\juniversalchardet-1.0.3.jar;C:\Users\7163\.m2\repository\com\uwyn\jhighlight\1.0\jhighlight-1.0.jar;C:\Users\7163\.m2\repository\org\jsoup\jsoup\1.8.3\jsoup-1.8.3.jar;C:\Users\7163\.m2\repository\org\apache\commons\commons-lang3\3.4\commons-lang3-3.4.jar;"/>
    <property name="java.specification.name" value="Java Platform API Specification"/>
    <property name="java.class.version" value="52.0"/>
    <property name="sun.management.compiler" value="HotSpot 64-Bit Tiered Compilers"/>
    <property name="os.version" value="6.1"/>
    <property name="user.home" value="C:\Users\7163"/>
    <property name="user.timezone" value="Europe/Athens"/>
    <property name="java.awt.printerjob" value="sun.awt.windows.WPrinterJob"/>
    <property name="java.specification.version" value="1.8"/>
    <property name="file.encoding" value="Cp1254"/>
    <property name="user.name" value="7163"/>
    <property name="java.class.path" value="C:\Users\7163\Documents\NetBeansProjects\CrawlerTest\target\test-classes;C:\Users\7163\Documents\NetBeansProjects\CrawlerTest\target\classes;C:\Users\7163\.m2\repository\junit\junit\3.8.1\junit-3.8.1.jar;C:\Users\7163\.m2\repository\edu\uci\ics\crawler4j\4.2\crawler4j-4.2.jar;C:\Users\7163\.m2\repository\org\slf4j\slf4j-api\1.7.10\slf4j-api-1.7.10.jar;C:\Users\7163\.m2\repository\uk\org\lidalia\lidalia-slf4j-ext\1.0.0\lidalia-slf4j-ext-1.0.0.jar;C:\Users\7163\.m2\repository\com\google\guava\guava\14.0.1\guava-14.0.1.jar;C:\Users\7163\.m2\repository\org\apache\httpcomponents\httpclient\4.4\httpclient-4.4.jar;C:\Users\7163\.m2\repository\org\apache\httpcomponents\httpcore\4.4\httpcore-4.4.jar;C:\Users\7163\.m2\repository\commons-logging\commons-logging\1.2\commons-logging-1.2.jar;C:\Users\7163\.m2\repository\commons-codec\commons-codec\1.9\commons-codec-1.9.jar;C:\Users\7163\.m2\repository\com\sleepycat\je\5.0.73\je-5.0.73.jar;C:\Users\7163\.m2\repository\org\apache\tika\tika-parsers\1.5\tika-parsers-1.5.jar;C:\Users\7163\.m2\repository\org\apache\tika\tika-core\1.5\tika-core-1.5.jar;C:\Users\7163\.m2\repository\org\gagravarr\vorbis-java-tika\0.1\vorbis-java-tika-0.1.jar;C:\Users\7163\.m2\repository\org\gagravarr\vorbis-java-core\0.1\vorbis-java-core-0.1-tests.jar;C:\Users\7163\.m2\repository\edu\ucar\netcdf\4.2-min\netcdf-4.2-min.jar;C:\Users\7163\.m2\repository\org\apache\james\apache-mime4j-core\0.7.2\apache-mime4j-core-0.7.2.jar;C:\Users\7163\.m2\repository\org\apache\james\apache-mime4j-dom\0.7.2\apache-mime4j-dom-0.7.2.jar;C:\Users\7163\.m2\repository\org\apache\commons\commons-compress\1.5\commons-compress-1.5.jar;C:\Users\7163\.m2\repository\org\tukaani\xz\1.2\xz-1.2.jar;C:\Users\7163\.m2\repository\org\apache\pdfbox\pdfbox\1.8.4\pdfbox-1.8.4.jar;C:\Users\7163\.m2\repository\org\apache\pdfbox\fontbox\1.8.4\fontbox-1.8.4.jar;C:\Users\7163\.m2\repository\org\apache\pdfbox\jempbox\1.8.4\jempbox-1.8.4.jar;C:\Users\7163\.m2\repository\org\bouncycastle\bcmail-jdk15\1.45\bcmail-jdk15-1.45.jar;C:\Users\7163\.m2\repository\org\bouncycastle\bcprov-jdk15\1.45\bcprov-jdk15-1.45.jar;C:\Users\7163\.m2\repository\org\apache\poi\poi\3.10-beta2\poi-3.10-beta2.jar;C:\Users\7163\.m2\repository\org\apache\poi\poi-scratchpad\3.10-beta2\poi-scratchpad-3.10-beta2.jar;C:\Users\7163\.m2\repository\org\apache\poi\poi-ooxml\3.10-beta2\poi-ooxml-3.10-beta2.jar;C:\Users\7163\.m2\repository\org\apache\poi\poi-ooxml-schemas\3.10-beta2\poi-ooxml-schemas-3.10-beta2.jar;C:\Users\7163\.m2\repository\org\apache\xmlbeans\xmlbeans\2.3.0\xmlbeans-2.3.0.jar;C:\Users\7163\.m2\repository\dom4j\dom4j\1.6.1\dom4j-1.6.1.jar;C:\Users\7163\.m2\repository\org\apache\geronimo\specs\geronimo-stax-api_1.0_spec\1.0.1\geronimo-stax-api_1.0_spec-1.0.1.jar;C:\Users\7163\.m2\repository\org\ccil\cowan\tagsoup\tagsoup\1.2.1\tagsoup-1.2.1.jar;C:\Users\7163\.m2\repository\org\ow2\asm\asm-debug-all\4.1\asm-debug-all-4.1.jar;C:\Users\7163\.m2\repository\com\googlecode\mp4parser\isoparser\1.0-RC-1\isoparser-1.0-RC-1.jar;C:\Users\7163\.m2\repository\org\aspectj\aspectjrt\1.6.11\aspectjrt-1.6.11.jar;C:\Users\7163\.m2\repository\com\drewnoakes\metadata-extractor\2.6.2\metadata-extractor-2.6.2.jar;C:\Users\7163\.m2\repository\com\adobe\xmp\xmpcore\5.1.2\xmpcore-5.1.2.jar;C:\Users\7163\.m2\repository\xerces\xercesImpl\2.8.1\xercesImpl-2.8.1.jar;C:\Users\7163\.m2\repository\xml-apis\xml-apis\1.3.03\xml-apis-1.3.03.jar;C:\Users\7163\.m2\repository\de\l3s\boilerpipe\boilerpipe\1.1.0\boilerpipe-1.1.0.jar;C:\Users\7163\.m2\repository\rome\rome\0.9\rome-0.9.jar;C:\Users\7163\.m2\repository\jdom\jdom\1.0\jdom-1.0.jar;C:\Users\7163\.m2\repository\org\gagravarr\vorbis-java-core\0.1\vorbis-java-core-0.1.jar;C:\Users\7163\.m2\repository\com\googlecode\juniversalchardet\juniversalchardet\1.0.3\juniversalchardet-1.0.3.jar;C:\Users\7163\.m2\repository\com\uwyn\jhighlight\1.0\jhighlight-1.0.jar;C:\Users\7163\.m2\repository\org\jsoup\jsoup\1.8.3\jsoup-1.8.3.jar;C:\Users\7163\.m2\repository\org\apache\commons\commons-lang3\3.4\commons-lang3-3.4.jar;"/>
    <property name="java.vm.specification.version" value="1.8"/>
    <property name="sun.arch.data.model" value="64"/>
    <property name="java.home" value="C:\Program Files\Java\jdk1.8.0_40\jre"/>
    <property name="sun.java.command" value="C:\Users\7163\Documents\NetBeansProjects\CrawlerTest\target\surefire\surefirebooter8456718445008863595.jar C:\Users\7163\Documents\NetBeansProjects\CrawlerTest\target\surefire\surefire150832925378247911tmp C:\Users\7163\Documents\NetBeansProjects\CrawlerTest\target\surefire\surefire4366309810119255684tmp"/>
    <property name="java.specification.vendor" value="Oracle Corporation"/>
    <property name="user.language" value="tr"/>
    <property name="awt.toolkit" value="sun.awt.windows.WToolkit"/>
    <property name="java.vm.info" value="mixed mode"/>
    <property name="java.version" value="1.8.0_40"/>
    <property name="java.ext.dirs" value="C:\Program Files\Java\jdk1.8.0_40\jre\lib\ext;C:\Windows\Sun\Java\lib\ext"/>
    <property name="sun.boot.class.path" value="C:\Program Files\Java\jdk1.8.0_40\jre\lib\resources.jar;C:\Program Files\Java\jdk1.8.0_40\jre\lib\rt.jar;C:\Program Files\Java\jdk1.8.0_40\jre\lib\sunrsasign.jar;C:\Program Files\Java\jdk1.8.0_40\jre\lib\jsse.jar;C:\Program Files\Java\jdk1.8.0_40\jre\lib\jce.jar;C:\Program Files\Java\jdk1.8.0_40\jre\lib\charsets.jar;C:\Program Files\Java\jdk1.8.0_40\jre\lib\jfr.jar;C:\Program Files\Java\jdk1.8.0_40\jre\classes"/>
    <property name="java.vendor" value="Oracle Corporation"/>
    <property name="localRepository" value="C:\Users\7163\.m2\repository"/>
    <property name="file.separator" value="\"/>
    <property name="java.vendor.url.bug" value="http://bugreport.sun.com/bugreport/"/>
    <property name="sun.cpu.endian" value="little"/>
    <property name="sun.io.unicode.encoding" value="UnicodeLittle"/>
    <property name="sun.desktop" value="windows"/>
    <property name="sun.cpu.isalist" value="amd64"/>
  </properties>
  <testcase classname="com.i2i.crawlertest.AppTest" name="testApp" time="0.004"/>
</testsuite>